<?xml version="1.0" encoding="UTF-8"?>
<!-- Generated by org.testng.reporters.JUnitReportReporter -->
<testsuite hostname="SCL258" name="com.weather.Weather" tests="5" failures="0" timestamp="14 Mar 2020 15:57:21 GMT" time="8.976" errors="0">
  <testcase name="verifyHourlyForecast" time="1.731" classname="com.weather.Weather"/>
  <testcase name="verifyTemp" time="2.858" classname="com.weather.Weather"/>
  <testcase name="verifyDays" time="1.781" classname="com.weather.Weather"/>
  <testcase name="verifyClearSky" time="1.315" classname="com.weather.Weather"/>
  <testcase name="verifyLightRain" time="1.291" classname="com.weather.Weather"/>
</testsuite> <!-- com.weather.Weather -->
