<?xml version="1.0" encoding="UTF-8"?>
<!-- Generated by org.testng.reporters.JUnitReportReporter -->
<testsuite hostname="SCL258" name="com.test.Weather" tests="5" failures="0" timestamp="15 Mar 2020 08:10:21 GMT" time="1.297" errors="0">
  <testcase name="verifyDays" time="0.795" classname="com.test.Weather"/>
  <testcase name="verifyTemp" time="0.112" classname="com.test.Weather"/>
  <testcase name="verifyClearSky" time="0.104" classname="com.test.Weather"/>
  <testcase name="verifyHourlyForecast" time="0.165" classname="com.test.Weather"/>
  <testcase name="verifyLightRain" time="0.121" classname="com.test.Weather"/>
</testsuite> <!-- com.test.Weather -->
